<?xml version="1.0" encoding="UTF-8"?>
<testng-results skipped="0" failed="0" ignored="0" total="2" passed="2">
  <reporter-output>
  </reporter-output>
  <suite name="Default suite" duration-ms="34" started-at="2019-12-24T18:50:25Z" finished-at="2019-12-24T18:50:25Z">
    <groups>
    </groups>
    <test name="Default test" duration-ms="34" started-at="2019-12-24T18:50:25Z" finished-at="2019-12-24T18:50:25Z">
      <class name="com.automation.bd.automation_bd.AppTest1">
        <test-method status="PASS" signature="AppTest12()[pri:0, instance:com.automation.bd.automation_bd.AppTest1@5034c75a]" name="AppTest12" duration-ms="12" started-at="2019-12-24T18:50:25Z" finished-at="2019-12-24T18:50:25Z">
          <reporter-output>
          </reporter-output>
        </test-method> <!-- AppTest12 -->
        <test-method status="PASS" signature="AppTest13()[pri:0, instance:com.automation.bd.automation_bd.AppTest1@5034c75a]" name="AppTest13" duration-ms="1" started-at="2019-12-24T18:50:25Z" finished-at="2019-12-24T18:50:25Z">
          <reporter-output>
          </reporter-output>
        </test-method> <!-- AppTest13 -->
      </class> <!-- com.automation.bd.automation_bd.AppTest1 -->
    </test> <!-- Default test -->
  </suite> <!-- Default suite -->
</testng-results>
